  Source.cpp
F:\Visual projects\SKI\SKI\Source.cpp(29,1): warning C4305: =: усечение из "double" в "float"
F:\Visual projects\SKI\SKI\Source.cpp(30,1): warning C4305: =: усечение из "double" в "float"
F:\Visual projects\SKI\SKI\Source.cpp(31,1): warning C4305: =: усечение из "double" в "float"
F:\Visual projects\SKI\SKI\Source.cpp(31,66): warning C4244: =: преобразование "int" в "float", возможна потеря данных
F:\Visual projects\SKI\SKI\Source.cpp(51,42): warning C4244: аргумент: преобразование "float" в "T", возможна потеря данных
          with
          [
              T=int
          ]
F:\Visual projects\SKI\SKI\Source.cpp(51,39): warning C4244: аргумент: преобразование "float" в "T", возможна потеря данных
          with
          [
              T=int
          ]
F:\Visual projects\SKI\SKI\Source.cpp(69,12): warning C4244: аргумент: преобразование "time_t" в "unsigned int", возможна потеря данных
F:\Visual projects\SKI\SKI\Source.cpp(77,42): warning C4244: аргумент: преобразование "int" в "float", возможна потеря данных
F:\Visual projects\SKI\SKI\Source.cpp(78,43): warning C4244: аргумент: преобразование "int" в "float", возможна потеря данных
F:\Visual projects\SKI\SKI\Source.cpp(79,43): warning C4244: аргумент: преобразование "int" в "float", возможна потеря данных
F:\Visual projects\SKI\SKI\Source.cpp(80,43): warning C4244: аргумент: преобразование "int" в "float", возможна потеря данных
F:\Visual projects\SKI\SKI\Source.cpp(81,40): warning C4244: аргумент: преобразование "int" в "float", возможна потеря данных
F:\Visual projects\SKI\SKI\Source.cpp(82,42): warning C4244: аргумент: преобразование "int" в "float", возможна потеря данных
F:\Visual projects\SKI\SKI\Source.cpp(83,42): warning C4244: аргумент: преобразование "int" в "float", возможна потеря данных
F:\Visual projects\SKI\SKI\Source.cpp(84,42): warning C4244: аргумент: преобразование "int" в "float", возможна потеря данных
F:\Visual projects\SKI\SKI\Source.cpp(95,14): warning C4244: инициализация: преобразование "sf::Int64" в "float", возможна потеря данных
F:\Visual projects\SKI\SKI\Source.cpp(106,31): warning C4305: аргумент: усечение из "double" в "float"
  SKI.vcxproj -> F:\Visual projects\SKI\Debug\SKI.exe
